0 info it worked if it ends with ok
1 verbose cli [ 'node', '/usr/local/bin/npm', 'install' ]
2 info using npm@2.7.5
3 info using node@v0.12.2
4 warn package.json imageviewer@1.0.0 No repository field.
5 verbose install where, deps [ '/Users/balayof/Documents/GitHub/imageviewer',
5 verbose install   [ 'openseadragon' ] ]
6 verbose install where, peers [ '/Users/balayof/Documents/GitHub/imageviewer', [] ]
7 info preinstall imageviewer@1.0.0
8 silly cache add args [ 'openseadragon@^2.2.1', null ]
9 verbose cache add spec openseadragon@^2.2.1
10 silly cache add parsed spec { raw: 'openseadragon@^2.2.1',
10 silly cache add   scope: null,
10 silly cache add   name: 'openseadragon',
10 silly cache add   rawSpec: '^2.2.1',
10 silly cache add   spec: '>=2.2.1 <3.0.0',
10 silly cache add   type: 'range' }
11 verbose addNamed openseadragon@>=2.2.1 <3.0.0
12 silly addNamed semver.valid null
13 silly addNamed semver.validRange >=2.2.1 <3.0.0
14 silly addNameRange { name: 'openseadragon',
14 silly addNameRange   range: '>=2.2.1 <3.0.0',
14 silly addNameRange   hasData: false }
15 silly mapToRegistry name openseadragon
16 silly mapToRegistry using default registry
17 silly mapToRegistry registry https://registry.npmjs.org/
18 silly mapToRegistry uri https://registry.npmjs.org/openseadragon
19 verbose addNameRange registry:https://registry.npmjs.org/openseadragon not in flight; fetching
20 verbose request uri https://registry.npmjs.org/openseadragon
21 verbose request no auth needed
22 info attempt registry request try #1 at 3:30:33 PM
23 verbose request id d07d25098e120485
24 verbose etag W/"57769bf8-1a19"
25 verbose lastModified Fri, 01 Jul 2016 16:36:08 GMT
26 http request GET https://registry.npmjs.org/openseadragon
27 http 304 https://registry.npmjs.org/openseadragon
28 silly get cb [ 304,
28 silly get   { date: 'Tue, 13 Jun 2017 19:30:32 GMT',
28 silly get     via: '1.1 varnish',
28 silly get     'cache-control': 'max-age=300',
28 silly get     etag: 'W/"57769bf8-1a19"',
28 silly get     age: '113',
28 silly get     connection: 'keep-alive',
28 silly get     'x-served-by': 'cache-atl6220-ATL',
28 silly get     'x-cache': 'HIT',
28 silly get     'x-cache-hits': '1',
28 silly get     'x-timer': 'S1497382232.425554,VS0,VE0',
28 silly get     vary: 'Accept-Encoding' } ]
29 verbose etag https://registry.npmjs.org/openseadragon from cache
30 verbose get saving openseadragon to /Users/balayof/.npm/registry.npmjs.org/openseadragon/.cache.json
31 silly addNameRange number 2 { name: 'openseadragon', range: '>=2.2.1 <3.0.0', hasData: true }
32 silly addNameRange versions [ 'openseadragon', [ '2.1.0', '2.2.0', '2.2.1' ] ]
33 verbose addNamed openseadragon@2.2.1
34 silly addNamed semver.valid 2.2.1
35 silly addNamed semver.validRange 2.2.1
36 silly cache afterAdd openseadragon@2.2.1
37 verbose afterAdd /Users/balayof/.npm/openseadragon/2.2.1/package/package.json not in flight; writing
38 verbose afterAdd /Users/balayof/.npm/openseadragon/2.2.1/package/package.json written
39 silly install resolved [ { name: 'openseadragon',
39 silly install resolved     version: '2.2.1',
39 silly install resolved     description: 'Provides a smooth, zoomable user interface for HTML/Javascript.',
39 silly install resolved     keywords:
39 silly install resolved      [ 'image',
39 silly install resolved        'zoom',
39 silly install resolved        'pan',
39 silly install resolved        'openseadragon',
39 silly install resolved        'seadragon',
39 silly install resolved        'deepzoom',
39 silly install resolved        'dzi',
39 silly install resolved        'iiif',
39 silly install resolved        'osm',
39 silly install resolved        'tms' ],
39 silly install resolved     homepage: 'http://openseadragon.github.io/',
39 silly install resolved     bugs: { url: 'https://github.com/openseadragon/openseadragon/issues' },
39 silly install resolved     license: 'BSD-3-Clause',
39 silly install resolved     files: [ 'build/openseadragon/' ],
39 silly install resolved     main: 'build/openseadragon/openseadragon.js',
39 silly install resolved     repository:
39 silly install resolved      { type: 'git',
39 silly install resolved        url: 'git+https://github.com/openseadragon/openseadragon.git' },
39 silly install resolved     devDependencies:
39 silly install resolved      { grunt: '^0.4.5',
39 silly install resolved        'grunt-contrib-clean': '^0.7.0',
39 silly install resolved        'grunt-contrib-compress': '^0.13.0',
39 silly install resolved        'grunt-contrib-concat': '^0.5.1',
39 silly install resolved        'grunt-contrib-connect': '^0.11.2',
39 silly install resolved        'grunt-contrib-jshint': '^0.11.0',
39 silly install resolved        'grunt-contrib-uglify': '^0.11.0',
39 silly install resolved        'grunt-contrib-watch': '^0.6.1',
39 silly install resolved        'grunt-git-describe': '^2.3.2',
39 silly install resolved        'grunt-qunit-istanbul': '^0.6.0',
39 silly install resolved        'grunt-text-replace': '^0.4.0',
39 silly install resolved        qunitjs: '^1.20.0' },
39 silly install resolved     scripts: { test: 'grunt test', prepublish: 'grunt build' },
39 silly install resolved     gitHead: 'babdefd10022c4005ebe8d543f9470fc07f520c6',
39 silly install resolved     _id: 'openseadragon@2.2.1',
39 silly install resolved     _shasum: '5f8ef0fdb7e0aa79e0fb0d927701466cf816bb2f',
39 silly install resolved     _from: 'openseadragon@>=2.2.1 <3.0.0',
39 silly install resolved     _npmVersion: '3.7.2',
39 silly install resolved     _nodeVersion: '4.3.0',
39 silly install resolved     _npmUser: { name: 'iangilman', email: 'ian@iangilman.com' },
39 silly install resolved     dist:
39 silly install resolved      { shasum: '5f8ef0fdb7e0aa79e0fb0d927701466cf816bb2f',
39 silly install resolved        tarball: 'https://registry.npmjs.org/openseadragon/-/openseadragon-2.2.1.tgz' },
39 silly install resolved     maintainers: [ [Object] ],
39 silly install resolved     _npmOperationalInternal:
39 silly install resolved      { host: 'packages-16-east.internal.npmjs.com',
39 silly install resolved        tmp: 'tmp/openseadragon-2.2.1.tgz_1467390964465_0.7724022374022752' },
39 silly install resolved     directories: {},
39 silly install resolved     _resolved: 'https://registry.npmjs.org/openseadragon/-/openseadragon-2.2.1.tgz',
39 silly install resolved     readme: 'ERROR: No README data found!' } ]
40 info install openseadragon@2.2.1 into /Users/balayof/Documents/GitHub/imageviewer
41 info installOne openseadragon@2.2.1
42 verbose installOne of openseadragon to /Users/balayof/Documents/GitHub/imageviewer not in flight; installing
43 warn locking Error: EACCES, open '/Users/balayof/.npm/_locks/openseadragon-70aaba7f41c72033.lock'
43 warn locking     at Error (native)
43 warn locking  /Users/balayof/.npm/_locks/openseadragon-70aaba7f41c72033.lock failed { [Error: EACCES, open '/Users/balayof/.npm/_locks/openseadragon-70aaba7f41c72033.lock']
43 warn locking   errno: -13,
43 warn locking   code: 'EACCES',
43 warn locking   path: '/Users/balayof/.npm/_locks/openseadragon-70aaba7f41c72033.lock' }
44 verbose stack Error: Attempt to unlock /Users/balayof/Documents/GitHub/imageviewer/node_modules/openseadragon, which hasn't been locked
44 verbose stack     at unlock (/usr/local/lib/node_modules/npm/lib/utils/locker.js:66:11)
44 verbose stack     at cb (/usr/local/lib/node_modules/npm/lib/install.js:1004:5)
44 verbose stack     at /usr/local/lib/node_modules/npm/lib/install.js:1008:20
44 verbose stack     at /usr/local/lib/node_modules/npm/lib/utils/locker.js:40:9
44 verbose stack     at cb (/usr/local/lib/node_modules/npm/node_modules/lockfile/lockfile.js:149:38)
44 verbose stack     at /usr/local/lib/node_modules/npm/node_modules/lockfile/lockfile.js:177:38
44 verbose stack     at FSReqWrap.oncomplete (fs.js:95:15)
45 verbose cwd /Users/balayof/Documents/GitHub/imageviewer
46 error Darwin 16.0.0
47 error argv "node" "/usr/local/bin/npm" "install"
48 error node v0.12.2
49 error npm  v2.7.5
50 error Attempt to unlock /Users/balayof/Documents/GitHub/imageviewer/node_modules/openseadragon, which hasn't been locked
51 error If you need help, you may report this error at:
51 error     <https://github.com/npm/npm/issues>
52 verbose exit [ 1, true ]
